[2025-08-01 20:03:05] INFO: Incoming request to upload a single post
[2025-08-01 20:03:05] DEBUG: Uploading to cloudinary
[2025-08-01 20:03:05] ERROR: Error creating post: Must supply api_key
[2025-08-01 20:03:42] INFO: Incoming request to upload a single post
[2025-08-01 20:03:42] DEBUG: Uploading to cloudinary
[2025-08-01 20:03:42] ERROR: Error creating post: Must supply api_key
[2025-08-01 20:04:12] INFO: Incoming request to upload a single post
[2025-08-01 20:04:12] DEBUG: Uploading to cloudinary
[2025-08-01 20:04:12] ERROR: Error creating post: Must supply api_key
[2025-08-01 20:06:50] INFO: Incoming request to upload a single post
[2025-08-01 20:06:50] DEBUG: Uploading to cloudinary
[2025-08-01 20:07:10] INFO: Upload to cloudinary successful
[2025-08-01 20:07:10] DEBUG: Append the uploaded file to the body...
[2025-08-01 20:07:10] INFO: Successfully appended the uploaded file to the body
[2025-08-01 20:07:10] DEBUG: Creating Post...
[2025-08-01 20:07:10] ERROR: Error creating post: post validation failed: displayPix: Path `displayPix` is required.
[2025-08-01 20:08:01] INFO: Incoming request to upload a single post
[2025-08-01 20:08:01] DEBUG: Uploading to cloudinary
[2025-08-01 20:08:18] INFO: Upload to cloudinary successful
[2025-08-01 20:08:18] DEBUG: Append the uploaded file to the body...
[2025-08-01 20:08:18] INFO: Successfully appended the uploaded file to the body
[2025-08-01 20:08:18] DEBUG: Creating Post...
[2025-08-01 20:08:18] ERROR: Error creating post: post validation failed: previewPix: Path `previewPix` is required., displayPix: Path `displayPix` is required., description: Path `description` is required., title: Path `title` is required.
[2025-08-01 20:10:34] INFO: Incoming request to upload a single post
[2025-08-01 20:10:34] DEBUG: Uploading to cloudinary
[2025-08-01 20:10:55] INFO: Upload to cloudinary successful
[2025-08-01 20:10:56] DEBUG: Append the uploaded file to the body...
[2025-08-01 20:10:56] INFO: Successfully appended the uploaded file to the body
[2025-08-01 20:10:56] DEBUG: Creating Post...
[2025-08-01 20:10:56] ERROR: Error creating post: post validation failed: displayPix: Path `displayPix` is required.
[2025-08-01 20:12:08] INFO: Incoming request to upload a single post
[2025-08-01 20:12:08] DEBUG: Uploading to cloudinary
[2025-08-01 20:12:27] INFO: Upload to cloudinary successful
[2025-08-01 20:12:28] DEBUG: Append the uploaded file to the body...
[2025-08-01 20:12:28] INFO: Successfully appended the uploaded file to the body
[2025-08-01 20:12:28] DEBUG: Creating Post...
[2025-08-01 20:12:29] INFO: Post saved successfully in the database with ID: 688d119d69800c9257ebf0d7
[2025-08-01 20:12:29] DEBUG: Unlink file path...
[2025-08-01 20:12:29] INFO: Successful unlinking
[2025-08-01 20:12:29] INFO: Post created successfully with ID: 688d119d69800c9257ebf0d7
[2025-08-01 20:35:49] INFO: Incoming request to upload an array files in a post
[2025-08-01 20:35:49] DEBUG: Uploading to cloudinary...
[2025-08-01 20:36:16] ERROR: Error creating post with files: arrayOfUploadedResults.add is not a function
[2025-08-01 20:37:12] INFO: Incoming request to upload an array files in a post
[2025-08-01 20:37:12] DEBUG: Uploading to cloudinary...
[2025-08-01 20:37:42] INFO: All files uploaded
[2025-08-01 20:37:42] DEBUG: Add array of uploaded files to the body...
[2025-08-01 20:37:42] DEBUG: Creating Post with uploaded URLs...
[2025-08-01 20:37:42] ERROR: Error creating post with files: post validation failed: previewPix.0: Cast to [string] failed for value "[\n' +
  '  {\n' +
  "    asset_id: 'caa14f5e188348ff21d9db27dd148bec',\n" +
  "    public_id: 'v4ypul2axpc9b2oj3nxy',\n" +
  '    version: 1754077060,\n' +
  "    version_id: 'd4582f6fe2314c707c331913e5abe108',\n" +
  "    signature: '67ac7f9abbb2de410efdae4162031ec91cac2be3',\n" +
  '    width: 3060,\n' +
  '    height: 4080,\n' +
  "    format: 'jpg',\n" +
  "    resource_type: 'image',\n" +
  "    created_at: '2025-08-01T19:37:40Z',\n" +
  '    tags: [],\n' +
  '    bytes: 2685098,\n' +
  "    type: 'upload',\n" +
  "    etag: '54a1d2f693bb50bfb79215fea4c503f3',\n" +
  '    placeholder: false,\n' +
  "    url: 'http://res.cloudinary.com/dvisr0wcx/image/upload/v1754077060/v4ypul2axpc9b2oj3nxy.jpg',\n" +
  "    secure_url: 'https://res.cloudinary.com/dvisr0wcx/image/upload/v1754077060/v4ypul2axpc9b2oj3nxy.jpg',\n" +
  "    asset_folder: '',\n" +
  "    display_name: 'v4ypul2axpc9b2oj3nxy',\n" +
  "    original_filename: '768d206efa9075f76dfba06016d0e367',\n" +
  "    api_key: '338682428221625'\n" +
  '  },\n' +
  '  {\n' +
  "    asset_id: 'ce792f1c9504afe6b8110852d770b1eb',\n" +
  "    public_id: 'i56ljellgcx1kplq2fdw',\n" +
  '    version: 1754077062,\n' +
  "    version_id: 'cdfcb267f443f2c24c7fb1664a2b7397',\n" +
  "    signature: '00e073abc7dc885bc3ed2638c505d5b41ed15f25',\n" +
  '    width: 712,\n' +
  '    height: 430,\n' +
  "    format: 'jpg',\n" +
  "    resource_type: 'image',\n" +
  "    created_at: '2025-08-01T19:37:42Z',\n" +
  '    tags: [],\n' +
  '    bytes: 68199,\n' +
  "    type: 'upload',\n" +
  "    etag: 'a705e87bc269745437f2c6996e46e416',\n" +
  '    placeholder: false,\n' +
  "    url: 'http://res.cloudinary.com/dvisr0wcx/image/upload/v1754077062/i56ljellgcx1kplq2fdw.jpg',\n" +
  "    secure_url: 'https://res.cloudinary.com/dvisr0wcx/image/upload/v1754077062/i56ljellgcx1kplq2fdw.jpg',\n" +
  "    asset_folder: '',\n" +
  "    display_name: 'i56ljellgcx1kplq2fdw',\n" +
  "    original_filename: '768e70fcd27415c92aac34208285aa6d',\n" +
  "    api_key: '338682428221625'\n" +
  '  }\n' +
  ']" (type string) at path "previewPix.0" because of "CastError"
[2025-08-01 20:41:27] INFO: Incoming request to upload an array files in a post
[2025-08-01 20:41:27] DEBUG: Uploading to cloudinary...
[2025-08-01 20:41:42] INFO: All files uploaded
[2025-08-01 20:41:43] DEBUG: Add array of uploaded files to the body...
[2025-08-01 20:41:43] DEBUG: Creating Post with uploaded URLs...
[2025-08-01 20:41:43] ERROR: Error creating post with files: post validation failed: previewPix.0: Cast to [string] failed for value "[\n' +
  '  {\n' +
  "    asset_id: '7ce6954072c78ca0ae142bca1aac9a0c',\n" +
  "    public_id: 'trrkht61qyjfaxintp5r',\n" +
  '    version: 1754077301,\n' +
  "    version_id: '5b5252d6fd86aaaad3a6e5f36e8219db',\n" +
  "    signature: '11570b3cbc15ea73a5967532c2933371e2e2c842',\n" +
  '    width: 3060,\n' +
  '    height: 4080,\n' +
  "    format: 'jpg',\n" +
  "    resource_type: 'image',\n" +
  "    created_at: '2025-08-01T19:41:41Z',\n" +
  '    tags: [],\n' +
  '    bytes: 2685098,\n' +
  "    type: 'upload',\n" +
  "    etag: '54a1d2f693bb50bfb79215fea4c503f3',\n" +
  '    placeholder: false,\n' +
  "    url: 'http://res.cloudinary.com/dvisr0wcx/image/upload/v1754077301/trrkht61qyjfaxintp5r.jpg',\n" +
  "    secure_url: 'https://res.cloudinary.com/dvisr0wcx/image/upload/v1754077301/trrkht61qyjfaxintp5r.jpg',\n" +
  "    asset_folder: '',\n" +
  "    display_name: 'trrkht61qyjfaxintp5r',\n" +
  "    original_filename: 'bcb566f3053b27eba83d7cb9d0038ddb',\n" +
  "    api_key: '338682428221625'\n" +
  '  },\n' +
  '  {\n' +
  "    asset_id: '4da8719c323e0d04d522db623ea521a6',\n" +
  "    public_id: 'qs6a9s4d4x4wdbflfpya',\n" +
  '    version: 1754077302,\n' +
  "    version_id: 'b81d45fbde24fb25044f2e02912aeafa',\n" +
  "    signature: '9216624eb746373d8719017d854fc0f383ee5689',\n" +
  '    width: 712,\n' +
  '    height: 430,\n' +
  "    format: 'jpg',\n" +
  "    resource_type: 'image',\n" +
  "    created_at: '2025-08-01T19:41:42Z',\n" +
  '    tags: [],\n' +
  '    bytes: 68199,\n' +
  "    type: 'upload',\n" +
  "    etag: 'a705e87bc269745437f2c6996e46e416',\n" +
  '    placeholder: false,\n' +
  "    url: 'http://res.cloudinary.com/dvisr0wcx/image/upload/v1754077302/qs6a9s4d4x4wdbflfpya.jpg',\n" +
  "    secure_url: 'https://res.cloudinary.com/dvisr0wcx/image/upload/v1754077302/qs6a9s4d4x4wdbflfpya.jpg',\n" +
  "    asset_folder: '',\n" +
  "    display_name: 'qs6a9s4d4x4wdbflfpya',\n" +
  "    original_filename: '0487917acfb5d48009b9368a159c04c8',\n" +
  "    api_key: '338682428221625'\n" +
  '  }\n' +
  ']" (type string) at path "previewPix.0" because of "CastError"
[2025-08-01 20:42:40] INFO: Incoming request to upload an array files in a post
[2025-08-01 20:42:40] DEBUG: Uploading to cloudinary...
[2025-08-01 20:42:57] INFO: All files uploaded
[2025-08-01 20:42:57] DEBUG: Add array of uploaded files to the body...
[2025-08-01 20:42:58] DEBUG: Creating Post with uploaded URLs...
[2025-08-01 20:42:59] INFO: Post saved successfully in the database with ID: 688d18c2b05e07c745dc685b
[2025-08-01 20:42:59] INFO: Post created successfully with ID: 688d18c2b05e07c745dc685b
[2025-08-01 21:30:45] INFO: Incoming request to upload multiple field with array of files in a post
[2025-08-01 21:30:45] DEBUG: Uploading to cloudinary...
[2025-08-01 21:30:45] DEBUG: Uploading previewPix to cloudinary...
[2025-08-01 21:31:03] INFO: All previewPix files uploaded
[2025-08-01 21:31:03] DEBUG: Uploading displayPix to cloudinary...
[2025-08-01 21:31:03] ERROR: Error creating post with files: Cannot access 'file' before initialization
